<?xml version="1.0" encoding="UTF-8"?>
<!-- Generated by org.testng.reporters.JUnitXMLReporter -->
<testsuite ignored="0" hostname="Saba-Lappy" failures="0" tests="5" name="Contact Page Positive Scenarios" time="41.126" errors="0" timestamp="2023-07-01T19:31:10 AEST">
  <testcase classname="testCases.ContactPage_Positive_Test_Case" name="ContactPagePositiveScenario" time="13.554"/>
  <testcase classname="testCases.ContactPage_Positive_Test_Case" name="ContactPagePositiveScenario" time="12.511"/>
  <testcase classname="testCases.ContactPage_Positive_Test_Case" name="ContactPagePositiveScenario" time="2.486"/>
  <testcase classname="testCases.ContactPage_Positive_Test_Case" name="ContactPagePositiveScenario" time="3.978"/>
  <testcase classname="testCases.ContactPage_Positive_Test_Case" name="ContactPagePositiveScenario" time="8.493"/>
</testsuite> <!-- Contact Page Positive Scenarios -->
