<?xml version="1.0" encoding="UTF-8"?>
<testng-results ignored="0" total="7" passed="7" failed="0" skipped="0">
  <reporter-output>
  </reporter-output>
  <suite started-at="2023-07-01T19:30:29 AEST" name="Jupitor Cloud Test Suite" finished-at="2023-07-01T19:31:19 AEST" duration-ms="50092">
    <groups>
    </groups>
    <test started-at="2023-07-01T19:30:29 AEST" name="Contact Page Positive Scenarios" finished-at="2023-07-01T19:31:10 AEST" duration-ms="41126">
      <class name="testCases.ContactPage_Positive_Test_Case">
        <test-method signature="ContactPagePositiveScenario()[pri:0, instance:testCases.ContactPage_Positive_Test_Case@5ba88be8]" started-at="2023-07-01T19:30:29 AEST" name="ContactPagePositiveScenario" finished-at="2023-07-01T19:30:42 AEST" duration-ms="13554" status="PASS">
          <reporter-output>
          </reporter-output>
        </test-method> <!-- ContactPagePositiveScenario -->
        <test-method signature="ContactPagePositiveScenario()[pri:0, instance:testCases.ContactPage_Positive_Test_Case@5ba88be8]" started-at="2023-07-01T19:30:42 AEST" name="ContactPagePositiveScenario" finished-at="2023-07-01T19:30:55 AEST" duration-ms="12511" status="PASS">
          <reporter-output>
          </reporter-output>
        </test-method> <!-- ContactPagePositiveScenario -->
        <test-method signature="ContactPagePositiveScenario()[pri:0, instance:testCases.ContactPage_Positive_Test_Case@5ba88be8]" started-at="2023-07-01T19:30:55 AEST" name="ContactPagePositiveScenario" finished-at="2023-07-01T19:30:57 AEST" duration-ms="2486" status="PASS">
          <reporter-output>
          </reporter-output>
        </test-method> <!-- ContactPagePositiveScenario -->
        <test-method signature="ContactPagePositiveScenario()[pri:0, instance:testCases.ContactPage_Positive_Test_Case@5ba88be8]" started-at="2023-07-01T19:30:57 AEST" name="ContactPagePositiveScenario" finished-at="2023-07-01T19:31:01 AEST" duration-ms="3978" status="PASS">
          <reporter-output>
          </reporter-output>
        </test-method> <!-- ContactPagePositiveScenario -->
        <test-method signature="ContactPagePositiveScenario()[pri:0, instance:testCases.ContactPage_Positive_Test_Case@5ba88be8]" started-at="2023-07-01T19:31:01 AEST" name="ContactPagePositiveScenario" finished-at="2023-07-01T19:31:10 AEST" duration-ms="8493" status="PASS">
          <reporter-output>
          </reporter-output>
        </test-method> <!-- ContactPagePositiveScenario -->
      </class> <!-- testCases.ContactPage_Positive_Test_Case -->
    </test> <!-- Contact Page Positive Scenarios -->
    <test started-at="2023-07-01T19:31:10 AEST" name="Contact Page Negative Scenarios" finished-at="2023-07-01T19:31:18 AEST" duration-ms="7881">
      <class name="testCases.ContactPage_Negative_Test_Case">
        <test-method signature="ContactPageNegativeScenario()[pri:0, instance:testCases.ContactPage_Negative_Test_Case@31c7528f]" started-at="2023-07-01T19:31:10 AEST" name="ContactPageNegativeScenario" finished-at="2023-07-01T19:31:18 AEST" duration-ms="7872" status="PASS">
          <reporter-output>
          </reporter-output>
        </test-method> <!-- ContactPageNegativeScenario -->
      </class> <!-- testCases.ContactPage_Negative_Test_Case -->
    </test> <!-- Contact Page Negative Scenarios -->
    <test started-at="2023-07-01T19:31:18 AEST" name="Shop Page Scenarios" finished-at="2023-07-01T19:31:19 AEST" duration-ms="1048">
      <class name="testCases.Shop_Test_Case">
        <test-method is-config="true" signature="LaunchBrowser()[pri:0, instance:testCases.Shop_Test_Case@539d019]" started-at="2023-07-01T19:30:22 AEST" name="LaunchBrowser" finished-at="2023-07-01T19:30:29 AEST" duration-ms="6777" status="PASS">
          <reporter-output>
          </reporter-output>
        </test-method> <!-- LaunchBrowser -->
        <test-method signature="CartValidations()[pri:0, instance:testCases.Shop_Test_Case@539d019]" started-at="2023-07-01T19:31:18 AEST" name="CartValidations" finished-at="2023-07-01T19:31:19 AEST" duration-ms="1042" status="PASS">
          <reporter-output>
          </reporter-output>
        </test-method> <!-- CartValidations -->
        <test-method is-config="true" signature="TearDown()[pri:0, instance:testCases.Shop_Test_Case@539d019]" started-at="2023-07-01T19:31:19 AEST" name="TearDown" finished-at="2023-07-01T19:31:19 AEST" duration-ms="124" status="PASS">
          <reporter-output>
          </reporter-output>
        </test-method> <!-- TearDown -->
      </class> <!-- testCases.Shop_Test_Case -->
    </test> <!-- Shop Page Scenarios -->
  </suite> <!-- Jupitor Cloud Test Suite -->
</testng-results>
